<?xml version="1.0" encoding="UTF-8"?>
<testsuite name="com.moodanalyzer.MoodAnalyzerTest" tests="1" skipped="0" failures="0" errors="0" timestamp="2020-05-05T01:52:14" hostname="localhost.localdomain" time="0.005">
  <properties/>
  <testcase name="givenEmptyMood_ShouldThrowCustomMessage" classname="com.moodanalyzer.MoodAnalyzerTest" time="0.005"/>
  <system-out><![CDATA[]]></system-out>
  <system-err><![CDATA[]]></system-err>
</testsuite>
